<?xml version="1.0" encoding="utf-8"?><testsuites name="pytest tests"><testsuite name="pytest" errors="0" failures="0" skipped="0" tests="17" time="53.798" timestamp="2026-02-24T11:57:10.060699+00:00" hostname="agent-env-d05d127a-47d2-40bd-add2-eac0515dcdc7"><testcase classname="backend.tests.test_nodeguard.TestKernelState" name="test_kernel_state_ok" time="50.712" /><testcase classname="backend.tests.test_nodeguard.TestKernelState" name="test_kernel_state_has_rho" time="0.164" /><testcase classname="backend.tests.test_nodeguard.TestKernelState" name="test_kernel_state_has_phi" time="0.161" /><testcase classname="backend.tests.test_nodeguard.TestKernelState" name="test_kernel_state_has_catastrophe" time="0.125" /><testcase classname="backend.tests.test_nodeguard.TestKernelState" name="test_kernel_state_has_kalman" time="0.123" /><testcase classname="backend.tests.test_nodeguard.TestKernelState" name="test_kernel_state_has_inverse_reliability" time="0.118" /><testcase classname="backend.tests.test_nodeguard.TestKernelState" name="test_kernel_state_catastrophe_when_rho_high" time="0.159" /><testcase classname="backend.tests.test_nodeguard.TestKernelState" name="test_kernel_state_n_total" time="0.115" /><testcase classname="backend.tests.test_nodeguard.TestKernelState" name="test_kernel_state_warehouse_metrics" time="0.124" /><testcase classname="backend.tests.test_nodeguard.TestKernelState" name="test_kernel_state_mode_metrics" time="0.167" /><testcase classname="backend.tests.test_nodeguard.TestKernelTick" name="test_tick_ok" time="0.098" /><testcase classname="backend.tests.test_nodeguard.TestKernelTick" name="test_tick_has_diverted" time="0.138" /><testcase classname="backend.tests.test_nodeguard.TestKernelTick" name="test_tick_has_revenue_saved" time="0.147" /><testcase classname="backend.tests.test_nodeguard.TestKernelTick" name="test_tick_has_refresh_count" time="0.106" /><testcase classname="backend.tests.test_nodeguard.TestKernelTick" name="test_tick_increments_refresh_count" time="0.256" /><testcase classname="backend.tests.test_nodeguard.TestKernelUpload" name="test_upload_valid_csv" time="0.118" /><testcase classname="backend.tests.test_nodeguard.TestKernelUpload" name="test_upload_invalid_csv" time="0.135" /></testsuite></testsuites>