<?xml version="1.0" encoding="utf-8"?><testsuites name="pytest tests"><testsuite name="pytest" errors="0" failures="0" skipped="0" tests="25" time="54.381" timestamp="2026-03-04T11:37:53.360397+00:00" hostname="agent-env-b6b0ba7d-7c29-48c2-a30c-7af5ec545bf1"><testcase classname="backend.tests.test_siti_iteration4.TestBaseline" name="test_root_alive" time="49.218" /><testcase classname="backend.tests.test_siti_iteration4.TestBaseline" name="test_kernel_state_200" time="0.275" /><testcase classname="backend.tests.test_siti_iteration4.TestKalmanT3Fields" name="test_kalman_has_rho_t3" time="0.165" /><testcase classname="backend.tests.test_siti_iteration4.TestKalmanT3Fields" name="test_kalman_has_pvi" time="0.165" /><testcase classname="backend.tests.test_siti_iteration4.TestKalmanT3Fields" name="test_kalman_has_A" time="0.164" /><testcase classname="backend.tests.test_siti_iteration4.TestKalmanT3Fields" name="test_kalman_has_A3" time="0.143" /><testcase classname="backend.tests.test_siti_iteration4.TestKalmanT3Fields" name="test_kalman_A3_equals_A_cubed" time="0.160" /><testcase classname="backend.tests.test_siti_iteration4.TestPVIRootFields" name="test_root_pvi_present" time="0.126" /><testcase classname="backend.tests.test_siti_iteration4.TestPVIRootFields" name="test_root_pvi_alert_present" time="0.126" /><testcase classname="backend.tests.test_siti_iteration4.TestPVIRootFields" name="test_pvi_alert_false_when_pvi_low" time="0.152" /><testcase classname="backend.tests.test_siti_iteration4.TestPVIRootFields" name="test_root_rho_t3_shortcut" time="0.126" /><testcase classname="backend.tests.test_siti_iteration4.TestCommanderMessage" name="test_commander_message_present" time="0.142" /><testcase classname="backend.tests.test_siti_iteration4.TestCommanderMessage" name="test_commander_level_present" time="0.191" /><testcase classname="backend.tests.test_siti_iteration4.TestCommanderMessage" name="test_commander_message_stable_when_rho_t3_moderate" time="0.127" /><testcase classname="backend.tests.test_siti_iteration4.TestCommanderMessage" name="test_stable_message_contains_optimal_flow" time="0.130" /><testcase classname="backend.tests.test_siti_iteration4.TestRhoHistoryT3" name="test_rho_history_has_t3_field" time="0.162" /><testcase classname="backend.tests.test_siti_iteration4.TestRhoHistoryT3" name="test_rho_history_has_t1_field" time="0.136" /><testcase classname="backend.tests.test_siti_iteration4.TestRhoHistoryT3" name="test_rho_history_entry_has_all_fields" time="0.130" /><testcase classname="backend.tests.test_siti_iteration4.TestEncodingResilience" name="test_iso8859_file_with_0xe2_byte_succeeds" time="0.113" /><testcase classname="backend.tests.test_siti_iteration4.TestEncodingResilience" name="test_utf8_file_with_smart_quote_succeeds" time="0.146" /><testcase classname="backend.tests.test_siti_iteration4.TestEncodingResilience" name="test_csv_with_corrupt_rows_succeeds" time="0.184" /><testcase classname="backend.tests.test_siti_iteration4.TestPVIAlertMechanism" name="test_pvi_consistent_with_kalman" time="0.177" /><testcase classname="backend.tests.test_siti_iteration4.TestPVIAlertMechanism" name="test_pvi_alert_threshold_is_15" time="0.111" /><testcase classname="backend.tests.test_siti_iteration4.TestKalmanMultipleCycles" name="test_kalman_A_in_valid_range" time="0.696" /><testcase classname="backend.tests.test_siti_iteration4.TestKalmanMultipleCycles" name="test_rho_t3_is_clipped_0_1" time="0.107" /></testsuite></testsuites>