<?xml version="1.0" encoding="utf-8"?><testsuites name="pytest tests"><testsuite name="pytest" errors="0" failures="0" skipped="0" tests="19" time="52.542" timestamp="2026-03-04T11:19:45.461904+00:00" hostname="agent-env-b6b0ba7d-7c29-48c2-a30c-7af5ec545bf1"><testcase classname="backend.tests.test_siti_iteration3.TestHealth" name="test_root" time="48.551" /><testcase classname="backend.tests.test_siti_iteration3.TestHealth" name="test_kernel_state_200" time="0.303" /><testcase classname="backend.tests.test_siti_iteration3.TestGhostTriggerBatch" name="test_stream_batch_n50_returns_success" time="0.177" /><testcase classname="backend.tests.test_siti_iteration3.TestGhostTriggerBatch" name="test_stream_batch_n50_increments_n_total" time="0.481" /><testcase classname="backend.tests.test_siti_iteration3.TestGhostTriggerBatch" name="test_stream_batch_n100_returns_success" time="0.147" /><testcase classname="backend.tests.test_siti_iteration3.TestGhostTriggerBatch" name="test_stream_batch_response_has_revenue" time="0.116" /><testcase classname="backend.tests.test_siti_iteration3.TestRegexSanitizer" name="test_upload_csv_with_100kg_succeeds" time="0.118" /><testcase classname="backend.tests.test_siti_iteration3.TestRegexSanitizer" name="test_upload_csv_with_dollar_cost_succeeds" time="0.185" /><testcase classname="backend.tests.test_siti_iteration3.TestSchemaMismatch" name="test_upload_unknown_columns_returns_400" time="0.183" /><testcase classname="backend.tests.test_siti_iteration3.TestSchemaMismatch" name="test_upload_unknown_columns_detail_is_schema_mismatch" time="0.098" /><testcase classname="backend.tests.test_siti_iteration3.TestSchemaMismatch" name="test_upload_schema_mismatch_includes_column_name" time="0.120" /><testcase classname="backend.tests.test_siti_iteration3.TestSchemaMismatch" name="test_upload_schema_mismatch_includes_found_columns" time="0.100" /><testcase classname="backend.tests.test_siti_iteration3.TestExposureAndKernelState" name="test_kernel_state_has_annualized_exposure" time="0.139" /><testcase classname="backend.tests.test_siti_iteration3.TestExposureAndKernelState" name="test_kernel_state_has_rho_history" time="0.195" /><testcase classname="backend.tests.test_siti_iteration3.TestExposureAndKernelState" name="test_kernel_state_has_average_delay" time="0.111" /><testcase classname="backend.tests.test_siti_iteration3.TestExposureAndKernelState" name="test_kernel_state_has_red_zone_importance" time="0.151" /><testcase classname="backend.tests.test_siti_iteration3.TestExposureAndKernelState" name="test_kernel_state_catastrophe_at_rho_82" time="0.104" /><testcase classname="backend.tests.test_siti_iteration3.TestExposureAndKernelState" name="test_kernel_state_kalman_present" time="0.161" /><testcase classname="backend.tests.test_siti_iteration3.TestTickEndpoint" name="test_tick_returns_200" time="0.107" /></testsuite></testsuites>