<?xml version="1.0" encoding="utf-8"?><testsuites name="pytest tests"><testsuite name="pytest" errors="0" failures="0" skipped="0" tests="27" time="67.043" timestamp="2026-03-04T10:05:38.112464+00:00" hostname="agent-env-b6b0ba7d-7c29-48c2-a30c-7af5ec545bf1"><testcase classname="backend.tests.test_siti_iteration2.TestKernelState" name="test_kernel_state_ok" time="60.415" /><testcase classname="backend.tests.test_siti_iteration2.TestKernelState" name="test_kernel_state_rho_range" time="0.394" /><testcase classname="backend.tests.test_siti_iteration2.TestKernelState" name="test_kernel_state_phi" time="0.149" /><testcase classname="backend.tests.test_siti_iteration2.TestKernelState" name="test_kernel_state_catastrophe_flag" time="0.227" /><testcase classname="backend.tests.test_siti_iteration2.TestKernelState" name="test_kernel_state_collapse_flag" time="0.188" /><testcase classname="backend.tests.test_siti_iteration2.TestKernelState" name="test_kernel_state_kalman_fields" time="0.199" /><testcase classname="backend.tests.test_siti_iteration2.TestKernelState" name="test_kernel_state_n_total_positive" time="0.190" /><testcase classname="backend.tests.test_siti_iteration2.TestKernelState" name="test_kernel_state_average_delay" time="0.171" /><testcase classname="backend.tests.test_siti_iteration2.TestKernelState" name="test_kernel_state_red_zone_importance" time="0.196" /><testcase classname="backend.tests.test_siti_iteration2.TestKernelState" name="test_kernel_state_routing" time="0.175" /><testcase classname="backend.tests.test_siti_iteration2.TestKernelState" name="test_kernel_state_inverse_reliability" time="0.188" /><testcase classname="backend.tests.test_siti_iteration2.TestKernelState" name="test_kernel_state_rho_history" time="0.170" /><testcase classname="backend.tests.test_siti_iteration2.TestKernelTick" name="test_tick_ok" time="0.145" /><testcase classname="backend.tests.test_siti_iteration2.TestKernelTick" name="test_tick_increments" time="0.326" /><testcase classname="backend.tests.test_siti_iteration2.TestKernelTick" name="test_tick_revenue_saved_positive" time="0.121" /><testcase classname="backend.tests.test_siti_iteration2.TestStreamBatch" name="test_stream_batch_default_ok" time="0.131" /><testcase classname="backend.tests.test_siti_iteration2.TestStreamBatch" name="test_stream_batch_success_field" time="0.103" /><testcase classname="backend.tests.test_siti_iteration2.TestStreamBatch" name="test_stream_batch_new_n_total_increases" time="0.250" /><testcase classname="backend.tests.test_siti_iteration2.TestStreamBatch" name="test_stream_batch_revenue_increments" time="0.226" /><testcase classname="backend.tests.test_siti_iteration2.TestStreamBatch" name="test_stream_batch_response_fields" time="0.113" /><testcase classname="backend.tests.test_siti_iteration2.TestStreamBatch" name="test_stream_batch_new_rho_valid" time="0.128" /><testcase classname="backend.tests.test_siti_iteration2.TestStreamBatch" name="test_stream_batch_custom_n" time="0.377" /><testcase classname="backend.tests.test_siti_iteration2.TestKernelUpload" name="test_upload_standard_csv" time="0.247" /><testcase classname="backend.tests.test_siti_iteration2.TestKernelUpload" name="test_upload_fuzzy_columns" time="0.276" /><testcase classname="backend.tests.test_siti_iteration2.TestKernelUpload" name="test_upload_resets_session" time="0.363" /><testcase classname="backend.tests.test_siti_iteration2.TestKernelUpload" name="test_upload_invalid_csv" time="0.146" /><testcase classname="backend.tests.test_siti_iteration2.TestKernelUpload" name="test_upload_missing_values_filled" time="0.156" /></testsuite></testsuites>